<?xml version="1.0" encoding="UTF-8"?>
<testng-results ignored="0" total="1" passed="1" failed="0" skipped="0">
  <reporter-output>
  </reporter-output>
  <suite started-at="2023-11-21T10:56:22 IST" name="Default suite" finished-at="2023-11-21T10:56:49 IST" duration-ms="26869">
    <groups>
    </groups>
    <test started-at="2023-11-21T10:56:22 IST" name="Default test" finished-at="2023-11-21T10:56:49 IST" duration-ms="26869">
      <class name="Package.Automation_eCommerce">
        <test-method signature="E_Comerce()[pri:0, instance:Package.Automation_eCommerce@2805d709]" started-at="2023-11-21T10:56:22 IST" name="E_Comerce" finished-at="2023-11-21T10:56:49 IST" duration-ms="26827" status="PASS">
          <reporter-output>
          </reporter-output>
        </test-method> <!-- E_Comerce -->
      </class> <!-- Package.Automation_eCommerce -->
    </test> <!-- Default test -->
  </suite> <!-- Default suite -->
</testng-results>
